<?xml version="1.0" encoding="UTF-8"?>
<!-- Generated by org.testng.reporters.JUnitReportReporter -->
<testsuite skipped="0" hostname="DESKTOP-SIGSLDC" name="com.myMavenA.qa.testcases.sample" tests="1" failures="0" timestamp="2021-03-26T17:14:42 IST" time="0.010" errors="0">
  <testcase name="start" time="0.010" classname="com.myMavenA.qa.testcases.sample"/>
  <system-out/>
</testsuite> <!-- com.myMavenA.qa.testcases.sample -->
