<?xml version="1.0" encoding="UTF-8"?>
<!-- Generated by org.testng.reporters.JUnitReportReporter -->
<testsuite skipped="0" hostname="DESKTOP-SIGSLDC" name="com.myMavenA.qa.testcases.sample" tests="1" failures="0" timestamp="2021-03-26T17:27:02 IST" time="11.643" errors="0">
  <testcase name="start" time="11.643" classname="com.myMavenA.qa.testcases.sample"/>
  <system-out/>
</testsuite> <!-- com.myMavenA.qa.testcases.sample -->
